05-16-2022 @ 06:35:34 - ---[ New import started at 2022-05-16 03:35:34 ] PHP Memory: 256 MB, WP Memory: 40 MB
05-16-2022 @ 06:35:34 - Preparing for import.
05-16-2022 @ 06:35:34 - Row :1 - Parsing item.
05-16-2022 @ 06:35:34 - Row :1 - Processing item.
05-16-2022 @ 06:35:34 - Row :1 - Category imported successfully.
05-16-2022 @ 06:35:34 - Row :2 - Parsing item.
05-16-2022 @ 06:35:34 - Row :2 - Processing item.
05-16-2022 @ 06:35:34 - Row :2 - Category imported successfully.
05-16-2022 @ 06:35:34 - Row :3 - Parsing item.
05-16-2022 @ 06:35:34 - Row :3 - Processing item.
05-16-2022 @ 06:35:34 - Row :3 - Category imported successfully.
05-16-2022 @ 06:35:34 - Row :4 - Parsing item.
05-16-2022 @ 06:35:34 - Row :4 - Processing item.
05-16-2022 @ 06:35:34 - Row :4 - Category imported successfully.
05-16-2022 @ 06:35:34 - Row :5 - Parsing item.
05-16-2022 @ 06:35:34 - Row :5 - Processing item.
05-16-2022 @ 06:35:34 - Row :5 - Category imported successfully.
05-16-2022 @ 06:35:34 - Row :6 - Parsing item.
05-16-2022 @ 06:35:34 - Row :6 - Processing item.
05-16-2022 @ 06:35:34 - Row :6 - Category imported successfully.
05-16-2022 @ 06:35:34 - Row :7 - Parsing item.
05-16-2022 @ 06:35:34 - Row :7 - Processing item.
05-16-2022 @ 06:35:34 - Row :7 - Category imported successfully.
05-16-2022 @ 06:35:34 - ---[ Import ended at 2022-05-16 03:35:34]---
