05-16-2022 @ 06:37:55 - ---[ New import started at 2022-05-16 03:37:55 ] PHP Memory: 256 MB, WP Memory: 40 MB
05-16-2022 @ 06:37:55 - Preparing for import.
05-16-2022 @ 06:37:55 - Row :1 - Parsing item.
05-16-2022 @ 06:37:55 - Row :1 - Processing item.
05-16-2022 @ 06:37:55 - Row :1 - Prosessing failed. Reason: > Category skipped - already exist
05-16-2022 @ 06:37:55 - Row :2 - Parsing item.
05-16-2022 @ 06:37:55 - Row :2 - Processing item.
05-16-2022 @ 06:37:55 - Row :2 - Prosessing failed. Reason: A term with the name provided already exists with this parent.
05-16-2022 @ 06:37:55 - Row :3 - Parsing item.
05-16-2022 @ 06:37:55 - Row :3 - Processing item.
05-16-2022 @ 06:37:55 - Row :3 - Category imported successfully.
05-16-2022 @ 06:37:55 - Row :4 - Parsing item.
05-16-2022 @ 06:37:55 - Row :4 - Processing item.
05-16-2022 @ 06:37:55 - Row :4 - Category imported successfully.
05-16-2022 @ 06:37:55 - Row :5 - Parsing item.
05-16-2022 @ 06:37:55 - Row :5 - Processing item.
05-16-2022 @ 06:37:55 - Row :5 - Category imported successfully.
05-16-2022 @ 06:37:55 - Row :6 - Parsing item.
05-16-2022 @ 06:37:55 - Row :6 - Processing item.
05-16-2022 @ 06:37:55 - Row :6 - Category imported successfully.
05-16-2022 @ 06:37:55 - Row :7 - Parsing item.
05-16-2022 @ 06:37:55 - Row :7 - Processing item.
05-16-2022 @ 06:37:55 - Row :7 - Category imported successfully.
05-16-2022 @ 06:37:55 - ---[ Import ended at 2022-05-16 03:37:55]---
